<?xml version="1.0" encoding="UTF-8"?>
<!-- Generated by org.testng.reporters.JUnitXMLReporter -->
<testsuite ignored="0" hostname="DESKTOP-0N88LAP" failures="0" tests="2" name="Demo application testing" time="89.863" errors="0" timestamp="2021-09-19T11:47:59 IST">
  <testcase classname="com.qa.testscript.WorkingwithDragandDrop" name="dragandDrop" time="88.677"/>
  <testcase classname="com.qa.testscript.WorkingWithMultipleWindows" name="multipleWindows" time="89.766"/>
</testsuite> <!-- Demo application testing -->
