<?xml version="1.0" encoding="UTF-8"?>
<testng-results ignored="0" total="1" passed="1" failed="0" skipped="0">
  <reporter-output>
  </reporter-output>
  <suite started-at="2021-10-17T10:47:30 IST" name="Default suite" finished-at="2021-10-17T10:47:50 IST" duration-ms="20462">
    <groups>
    </groups>
    <test started-at="2021-10-17T10:47:30 IST" name="Default test" finished-at="2021-10-17T10:47:50 IST" duration-ms="20462">
      <class name="com.qa.testscript.TC_FlipKart">
        <test-method signature="Login()[pri:0, instance:com.qa.testscript.TC_FlipKart@611889f4]" started-at="2021-10-17T10:47:30 IST" name="Login" finished-at="2021-10-17T10:47:50 IST" duration-ms="20335" status="PASS">
          <reporter-output>
          </reporter-output>
        </test-method> <!-- Login -->
      </class> <!-- com.qa.testscript.TC_FlipKart -->
    </test> <!-- Default test -->
  </suite> <!-- Default suite -->
</testng-results>
